Aplicación/AndroidApp_Permissions/app/build/outputs/logs/manifest-merger-debug-report.txt
-- Merging decision tree log ---
manifest
ADDED from src/main/AndroidManifest.xml:2:1-37:12
INJECTED from src/main/AndroidManifest.xml:2:1-37:12
INJECTED from src/main/AndroidManifest.xml:2:1-37:12
INJECTED from src/main/AndroidManifest.xml:2:1-37:12
MERGED from [com.android.support:design:25.3.1] AndroidManifest.xml:17:1-31:12
MERGED from [com.android.support:appcompat-v7:25.3.1] AndroidManifest.xml:17:1-31:12
MERGED from [com.android.support.constraint:constraint-layout:1.0.2] AndroidManifest.xml:2:1-11:12
MERGED from [com.android.support:transition:25.3.1] AndroidManifest.xml:17:1-28:12
MERGED from [com.android.support:support-v4:25.3.1] AndroidManifest.xml:17:1-31:12
MERGED from [com.android.support:animated-vector-drawable:25.3.1] AndroidManifest.xml:17:1-28:12
MERGED from [com.android.support:support-vector-drawable:25.3.1] AndroidManifest.xml:17:1-28:12
MERGED from [com.android.support:recyclerview-v7:25.3.1] AndroidManifest.xml:17:1-26:12
MERGED from [com.android.support:support-fragment:25.3.1] AndroidManifest.xml:17:1-31:12
MERGED from [com.android.support:support-media-compat:25.3.1] AndroidManifest.xml:17:1-31:12
MERGED from [com.android.support:support-core-utils:25.3.1] AndroidManifest.xml:17:1-31:12
MERGED from [com.android.support:support-core-ui:25.3.1] AndroidManifest.xml:17:1-31:12
MERGED from [com.android.support:support-compat:25.3.1] AndroidManifest.xml:17:1-31:12
INJECTED from src/main/AndroidManifest.xml:2:1-37:12
INJECTED from src/main/AndroidManifest.xml:2:1-37:12
INJECTED from src/main/AndroidManifest.xml:2:1-37:12
	package
		ADDED from src/main/AndroidManifest.xml:3:5-51
		INJECTED from src/main/AndroidManifest.xml
		INJECTED from src/main/AndroidManifest.xml
	android:versionName
		INJECTED from src/main/AndroidManifest.xml
		ADDED from src/main/AndroidManifest.xml:2:1-37:12
		INJECTED from src/main/AndroidManifest.xml
	android:versionCode
		INJECTED from src/main/AndroidManifest.xml
		ADDED from src/main/AndroidManifest.xml:2:1-37:12
		INJECTED from src/main/AndroidManifest.xml
	xmlns:android
		ADDED from src/main/AndroidManifest.xml:2:11-69
uses-permission#android.permission.INTERNET
ADDED from src/main/AndroidManifest.xml:7:5-67
	android:name
		ADDED from src/main/AndroidManifest.xml:7:22-64
uses-permission#android.permission.READ_PHONE_STATE
ADDED from src/main/AndroidManifest.xml:8:5-75
	android:name
		ADDED from src/main/AndroidManifest.xml:8:22-72
application
ADDED from src/main/AndroidManifest.xml:10:5-35:19
MERGED from [com.android.support:design:25.3.1] AndroidManifest.xml:29:5-20
MERGED from [com.android.support:design:25.3.1] AndroidManifest.xml:29:5-20
MERGED from [com.android.support:appcompat-v7:25.3.1] AndroidManifest.xml:29:5-20
MERGED from [com.android.support:appcompat-v7:25.3.1] AndroidManifest.xml:29:5-20
MERGED from [com.android.support.constraint:constraint-layout:1.0.2] AndroidManifest.xml:9:5-20
MERGED from [com.android.support.constraint:constraint-layout:1.0.2] AndroidManifest.xml:9:5-20
MERGED from [com.android.support:transition:25.3.1] AndroidManifest.xml:26:5-20
MERGED from [com.android.support:transition:25.3.1] AndroidManifest.xml:26:5-20
MERGED from [com.android.support:support-v4:25.3.1] AndroidManifest.xml:29:5-20
MERGED from [com.android.support:support-v4:25.3.1] AndroidManifest.xml:29:5-20
MERGED from [com.android.support:animated-vector-drawable:25.3.1] AndroidManifest.xml:26:5-20
MERGED from [com.android.support:animated-vector-drawable:25.3.1] AndroidManifest.xml:26:5-20
MERGED from [com.android.support:support-vector-drawable:25.3.1] AndroidManifest.xml:26:5-20
MERGED from [com.android.support:support-vector-drawable:25.3.1] AndroidManifest.xml:26:5-20
MERGED from [com.android.support:support-fragment:25.3.1] AndroidManifest.xml:29:5-20
MERGED from [com.android.support:support-fragment:25.3.1] AndroidManifest.xml:29:5-20
MERGED from [com.android.support:support-media-compat:25.3.1] AndroidManifest.xml:29:5-20
MERGED from [com.android.support:support-media-compat:25.3.1] AndroidManifest.xml:29:5-20
MERGED from [com.android.support:support-core-utils:25.3.1] AndroidManifest.xml:29:5-20
MERGED from [com.android.support:support-core-utils:25.3.1] AndroidManifest.xml:29:5-20
MERGED from [com.android.support:support-core-ui:25.3.1] AndroidManifest.xml:29:5-20
MERGED from [com.android.support:support-core-ui:25.3.1] AndroidManifest.xml:29:5-20
MERGED from [com.android.support:support-compat:25.3.1] AndroidManifest.xml:29:5-20
MERGED from [com.android.support:support-compat:25.3.1] AndroidManifest.xml:29:5-20
	android:supportsRtl
		ADDED from src/main/AndroidManifest.xml:15:9-35
	android:label
		ADDED from src/main/AndroidManifest.xml:13:9-41
	android:roundIcon
		ADDED from src/main/AndroidManifest.xml:14:9-54
	android:icon
		ADDED from src/main/AndroidManifest.xml:12:9-43
	android:allowBackup
		ADDED from src/main/AndroidManifest.xml:11:9-35
	android:theme
		ADDED from src/main/AndroidManifest.xml:16:9-40
activity#com.ssm_pgl.pedrogomezlopez.permisos.MainActivity
ADDED from src/main/AndroidManifest.xml:17:9-26:20
	android:screenOrientation
		ADDED from src/main/AndroidManifest.xml:20:13-49
	android:label
		ADDED from src/main/AndroidManifest.xml:19:13-45
	android:name
		ADDED from src/main/AndroidManifest.xml:18:13-41
intent-filter#android.intent.action.MAIN+android.intent.category.LAUNCHER
ADDED from src/main/AndroidManifest.xml:21:13-25:29
action#android.intent.action.MAIN
ADDED from src/main/AndroidManifest.xml:22:17-69
	android:name
		ADDED from src/main/AndroidManifest.xml:22:25-66
category#android.intent.category.LAUNCHER
ADDED from src/main/AndroidManifest.xml:24:17-77
	android:name
		ADDED from src/main/AndroidManifest.xml:24:27-74
activity#com.ssm_pgl.pedrogomezlopez.permisos.SafeFragment
ADDED from src/main/AndroidManifest.xml:27:9-30:52
	android:screenOrientation
		ADDED from src/main/AndroidManifest.xml:30:13-49
	android:label
		ADDED from src/main/AndroidManifest.xml:29:13-45
	android:name
		ADDED from src/main/AndroidManifest.xml:28:13-41
activity#com.ssm_pgl.pedrogomezlopez.permisos.UnsafeFragment
ADDED from src/main/AndroidManifest.xml:31:9-34:52
	android:screenOrientation
		ADDED from src/main/AndroidManifest.xml:34:13-49
	android:label
		ADDED from src/main/AndroidManifest.xml:33:13-45
	android:name
		ADDED from src/main/AndroidManifest.xml:32:13-43
uses-sdk
INJECTED from src/main/AndroidManifest.xml reason: use-sdk injection requested
INJECTED from src/main/AndroidManifest.xml
INJECTED from src/main/AndroidManifest.xml
MERGED from [com.android.support:design:25.3.1] AndroidManifest.xml:21:5-23:62
MERGED from [com.android.support:design:25.3.1] AndroidManifest.xml:21:5-23:62
MERGED from [com.android.support:appcompat-v7:25.3.1] AndroidManifest.xml:21:5-23:78
MERGED from [com.android.support:appcompat-v7:25.3.1] AndroidManifest.xml:21:5-23:78
MERGED from [com.android.support.constraint:constraint-layout:1.0.2] AndroidManifest.xml:5:5-7:41
MERGED from [com.android.support.constraint:constraint-layout:1.0.2] AndroidManifest.xml:5:5-7:41
MERGED from [com.android.support:transition:25.3.1] AndroidManifest.xml:20:5-44
MERGED from [com.android.support:transition:25.3.1] AndroidManifest.xml:20:5-44
MERGED from [com.android.support:support-v4:25.3.1] AndroidManifest.xml:21:5-23:54
MERGED from [com.android.support:support-v4:25.3.1] AndroidManifest.xml:21:5-23:54
MERGED from [com.android.support:animated-vector-drawable:25.3.1] AndroidManifest.xml:20:5-44
MERGED from [com.android.support:animated-vector-drawable:25.3.1] AndroidManifest.xml:20:5-44
MERGED from [com.android.support:support-vector-drawable:25.3.1] AndroidManifest.xml:20:5-43
MERGED from [com.android.support:support-vector-drawable:25.3.1] AndroidManifest.xml:20:5-43
MERGED from [com.android.support:recyclerview-v7:25.3.1] AndroidManifest.xml:20:5-43
MERGED from [com.android.support:recyclerview-v7:25.3.1] AndroidManifest.xml:20:5-43
MERGED from [com.android.support:support-fragment:25.3.1] AndroidManifest.xml:21:5-23:60
MERGED from [com.android.support:support-fragment:25.3.1] AndroidManifest.xml:21:5-23:60
MERGED from [com.android.support:support-media-compat:25.3.1] AndroidManifest.xml:21:5-23:63
MERGED from [com.android.support:support-media-compat:25.3.1] AndroidManifest.xml:21:5-23:63
MERGED from [com.android.support:support-core-utils:25.3.1] AndroidManifest.xml:21:5-23:61
MERGED from [com.android.support:support-core-utils:25.3.1] AndroidManifest.xml:21:5-23:61
MERGED from [com.android.support:support-core-ui:25.3.1] AndroidManifest.xml:21:5-23:58
MERGED from [com.android.support:support-core-ui:25.3.1] AndroidManifest.xml:21:5-23:58
MERGED from [com.android.support:support-compat:25.3.1] AndroidManifest.xml:21:5-23:58
MERGED from [com.android.support:support-compat:25.3.1] AndroidManifest.xml:21:5-23:58
INJECTED from src/main/AndroidManifest.xml
INJECTED from src/main/AndroidManifest.xml
	tools:overrideLibrary
		ADDED from [com.android.support:design:25.3.1] AndroidManifest.xml:23:9-59
	android:targetSdkVersion
		INJECTED from src/main/AndroidManifest.xml
		ADDED from src/main/AndroidManifest.xml
		INJECTED from src/main/AndroidManifest.xml
	android:minSdkVersion
		INJECTED from src/main/AndroidManifest.xml
		ADDED from src/main/AndroidManifest.xml
		INJECTED from src/main/AndroidManifest.xml
meta-data#android.support.VERSION
ADDED from [com.android.support:design:25.3.1] AndroidManifest.xml:25:5-27:34
MERGED from [com.android.support:appcompat-v7:25.3.1] AndroidManifest.xml:25:5-27:34
MERGED from [com.android.support:appcompat-v7:25.3.1] AndroidManifest.xml:25:5-27:34
MERGED from [com.android.support:transition:25.3.1] AndroidManifest.xml:22:5-24:34
MERGED from [com.android.support:transition:25.3.1] AndroidManifest.xml:22:5-24:34
MERGED from [com.android.support:support-v4:25.3.1] AndroidManifest.xml:25:5-27:34
MERGED from [com.android.support:support-v4:25.3.1] AndroidManifest.xml:25:5-27:34
MERGED from [com.android.support:animated-vector-drawable:25.3.1] AndroidManifest.xml:22:5-24:34
MERGED from [com.android.support:animated-vector-drawable:25.3.1] AndroidManifest.xml:22:5-24:34
MERGED from [com.android.support:support-vector-drawable:25.3.1] AndroidManifest.xml:22:5-24:34
MERGED from [com.android.support:support-vector-drawable:25.3.1] AndroidManifest.xml:22:5-24:34
MERGED from [com.android.support:recyclerview-v7:25.3.1] AndroidManifest.xml:22:5-24:34
MERGED from [com.android.support:recyclerview-v7:25.3.1] AndroidManifest.xml:22:5-24:34
MERGED from [com.android.support:support-fragment:25.3.1] AndroidManifest.xml:25:5-27:34
MERGED from [com.android.support:support-fragment:25.3.1] AndroidManifest.xml:25:5-27:34
MERGED from [com.android.support:support-media-compat:25.3.1] AndroidManifest.xml:25:5-27:34
MERGED from [com.android.support:support-media-compat:25.3.1] AndroidManifest.xml:25:5-27:34
MERGED from [com.android.support:support-core-utils:25.3.1] AndroidManifest.xml:25:5-27:34
MERGED from [com.android.support:support-core-utils:25.3.1] AndroidManifest.xml:25:5-27:34
MERGED from [com.android.support:support-core-ui:25.3.1] AndroidManifest.xml:25:5-27:34
MERGED from [com.android.support:support-core-ui:25.3.1] AndroidManifest.xml:25:5-27:34
MERGED from [com.android.support:support-compat:25.3.1] AndroidManifest.xml:25:5-27:34
MERGED from [com.android.support:support-compat:25.3.1] AndroidManifest.xml:25:5-27:34
	android:value
		ADDED from [com.android.support:design:25.3.1] AndroidManifest.xml:27:9-31
	android:name
		ADDED from [com.android.support:design:25.3.1] AndroidManifest.xml:26:9-47